<?xml version="1.0" encoding="UTF-8"?>
<!-- Generated by org.testng.reporters.JUnitReportReporter -->
<testsuite skipped="0" hostname="LAPTOP-M68A40QS" name="com.Pagefactory.amazonsearchbox" tests="2" failures="0" timestamp="19 Apr 2018 15:56:08 GMT" time="22.796" errors="0">
  <testcase name="BeforeTest" time="14.858" classname="com.Pagefactory.amazonsearchbox"/>
  <testcase name="amazon" time="7.938" classname="com.Pagefactory.amazonsearchbox"/>
</testsuite> <!-- com.Pagefactory.amazonsearchbox -->
