<?xml version="1.0" encoding="UTF-8"?>
<!-- Generated by org.testng.reporters.JUnitReportReporter -->
<testsuite skipped="0" hostname="LAPTOP-M68A40QS" name="com.Pagefactory.Testfilpkart" tests="1" failures="0" timestamp="27 Feb 2018 22:41:07 GMT" time="14.596" errors="0">
  <testcase name="Flip" time="14.596" classname="com.Pagefactory.Testfilpkart"/>
</testsuite> <!-- com.Pagefactory.Testfilpkart -->
