<?xml version="1.0" encoding="UTF-8"?>
<!-- Generated by org.testng.reporters.JUnitReportReporter -->
<testsuite skipped="0" hostname="LAPTOP-M68A40QS" name="com.Pagefactory.amazonsearchbox" tests="2" failures="0" timestamp="19 Apr 2018 15:31:43 GMT" time="29.940" errors="0">
  <testcase name="BeforeTest" time="20.920" classname="com.Pagefactory.amazonsearchbox"/>
  <testcase name="amazon" time="9.020" classname="com.Pagefactory.amazonsearchbox"/>
</testsuite> <!-- com.Pagefactory.amazonsearchbox -->
